c:\users\jay40\source\repos\t_threads\t_threads\t_threads\x64\release\vc145.pdb
c:\users\jay40\source\repos\t_threads\t_threads\t_threads\x64\release\taskscheduler.obj
c:\users\jay40\source\repos\t_threads\t_threads\t_threads\x64\release\main.obj
c:\users\jay40\source\repos\t_threads\t_threads\x64\release\t_threads.pdb
c:\users\jay40\source\repos\t_threads\t_threads\t_threads\x64\release\taskdag.obj
c:\users\jay40\source\repos\t_threads\t_threads\t_threads\x64\release\t_thread.obj
c:\users\jay40\source\repos\t_threads\t_threads\t_threads\x64\release\epochs.obj
c:\users\jay40\source\repos\t_threads\t_threads\t_threads\x64\release\fiberpool.obj
c:\users\jay40\source\repos\t_threads\t_threads\t_threads\x64\release\fiber.obj
c:\users\jay40\source\repos\t_threads\t_threads\x64\release\t_threads.lib
c:\users\jay40\source\repos\t_threads\t_threads\x64\release\t_threads.exe
c:\users\jay40\source\repos\t_threads\t_threads\t_threads\x64\release\contextswitch.obj
c:\users\jay40\source\repos\t_threads\t_threads\t_threads\x64\release\t_threads.ipdb
c:\users\jay40\source\repos\t_threads\t_threads\t_threads\x64\release\t_threads.iobj
c:\users\jay40\source\repos\t_threads\t_threads\t_threads\x64\release\t_threads.tlog\cl.command.1.tlog
c:\users\jay40\source\repos\t_threads\t_threads\t_threads\x64\release\t_threads.tlog\cl.items.tlog
c:\users\jay40\source\repos\t_threads\t_threads\t_threads\x64\release\t_threads.tlog\cl.read.1.tlog
c:\users\jay40\source\repos\t_threads\t_threads\t_threads\x64\release\t_threads.tlog\cl.write.1.tlog
c:\users\jay40\source\repos\t_threads\t_threads\t_threads\x64\release\t_threads.tlog\lib-link.read.1.tlog
c:\users\jay40\source\repos\t_threads\t_threads\t_threads\x64\release\t_threads.tlog\lib-link.write.1.tlog
c:\users\jay40\source\repos\t_threads\t_threads\t_threads\x64\release\t_threads.tlog\lib.command.1.tlog
c:\users\jay40\source\repos\t_threads\t_threads\t_threads\x64\release\t_threads.tlog\link.command.1.tlog
c:\users\jay40\source\repos\t_threads\t_threads\t_threads\x64\release\t_threads.tlog\link.read.1.tlog
c:\users\jay40\source\repos\t_threads\t_threads\t_threads\x64\release\t_threads.tlog\link.secondary.1.tlog
c:\users\jay40\source\repos\t_threads\t_threads\t_threads\x64\release\t_threads.tlog\link.write.1.tlog
c:\users\jay40\source\repos\t_threads\t_threads\t_threads\x64\release\t_threads.tlog\masm.read.1u.tlog
c:\users\jay40\source\repos\t_threads\t_threads\t_threads\x64\release\t_threads.tlog\masm.write.1u.tlog
